#
# A fatal error has been detected by the Java Runtime Environment:
#
#  Internal Error (os_windows_x86.cpp:114), pid=6184, tid=6188
#  Error: guarantee(result == -1,"Unexpected result from topLevelExceptionFilter")
#
# JRE version: 6.0_17-b04
# Java VM: Java HotSpot(TM) 64-Bit Server VM (14.3-b01 mixed mode windows-amd64 )
# If you would like to submit a bug report, please visit:
#   http://java.sun.com/webapps/bugreport/crash.jsp
# The crash happened outside the Java Virtual Machine in native code.
# See problematic frame for where to report the bug.
#

---------------  T H R E A D  ---------------

Current thread (0x0000000005263000):  JavaThread "main" [_thread_in_native, id=6188, stack(0x0000000000190000,0x0000000004190000)]

Stack: [0x0000000000190000,0x0000000004190000]
[error occurred during error reporting (printing stack bounds), id 0xc0000005]

Java frames: (J=compiled Java code, j=interpreted, Vv=VM code)
J  com.mathworks.jmi.NativeMatlab.SendMatlabMessage(Ljava/lang/Object;)Ljava/lang/Object;
j  com.mathworks.jmi.NativeMatlab.sendMatlabMessage(Ljava/lang/Object;)Ljava/lang/Object;+22
j  com.mathworks.jmi.MatlabLooper.sendMatlabMessage(Lcom/mathworks/services/message/MWMessage;)Ljava/lang/Object;+20
j  com.mathworks.jmi.Matlab.mtFevalConsoleOutput(Ljava/lang/String;[Ljava/lang/Object;I)Ljava/lang/Object;+58
j  com.mathworks.jmi.MatlabMCR.mtFevalConsoleOutput(Ljava/lang/String;[Ljava/lang/Object;I)Ljava/lang/Object;+3
J  com.mathworks.jmi.NativeMatlab.dispatchMTRequests(Z)V
v  ~StubRoutines::call_stub

---------------  P R O C E S S  ---------------

Java Threads: ( => current thread )
  0x00000000667af000 JavaThread "AWT-EventQueue-0" [_thread_blocked, id=7496, stack(0x000000000c650000,0x000000000c6d0000)]
  0x00000000663b7800 JavaThread "Code Analyzer updating thread" [_thread_blocked, id=6960, stack(0x000000000c5b0000,0x000000000c630000)]
  0x00000000663b4800 JavaThread "Code Analyzer updating thread" [_thread_blocked, id=6576, stack(0x000000000c0e0000,0x000000000c160000)]
  0x00000000663b1000 JavaThread "pool-8-thread-1" [_thread_blocked, id=3804, stack(0x000000000c4a0000,0x000000000c520000)]
  0x00000000663b5800 JavaThread "pool-6-thread-1" [_thread_blocked, id=4040, stack(0x000000000e8f0000,0x000000000e970000)]
  0x00000000663af800 JavaThread "pool-7-thread-1" [_thread_blocked, id=7156, stack(0x000000000e670000,0x000000000e6f0000)]
  0x00000000663ac800 JavaThread "Prefs Updater" daemon [_thread_blocked, id=6264, stack(0x000000000e7c0000,0x000000000e840000)]
  0x00000000667ac800 JavaThread "Foxtrot Single Worker Thread #1" daemon [_thread_blocked, id=428, stack(0x000000000e980000,0x000000000ea00000)]
  0x00000000663b2800 JavaThread "Code Analyzer updating thread" [_thread_blocked, id=5460, stack(0x000000000e5d0000,0x000000000e650000)]
  0x00000000663ae000 JavaThread "AddressBar directory emptiness poller" [_thread_blocked, id=3208, stack(0x000000000be80000,0x000000000bf00000)]
  0x00000000663ad800 JavaThread "Timer queue for AWT thread" daemon [_thread_blocked, id=4464, stack(0x000000000bf50000,0x000000000bfd0000)]
  0x00000000663af000 JavaThread "Timer queue for AWT thread" daemon [_thread_blocked, id=5744, stack(0x0000000025920000,0x00000000259a0000)]
  0x00000000667b0800 JavaThread "Code Analyzer updating thread" [_thread_blocked, id=4956, stack(0x000000006c910000,0x000000006c990000)]
  0x00000000667b3000 JavaThread "Active Reference Queue Daemon" daemon [_thread_blocked, id=3224, stack(0x000000006ca70000,0x000000006caf0000)]
  0x00000000667b2000 JavaThread "Timer-7" daemon [_thread_blocked, id=1612, stack(0x0000000069400000,0x0000000069480000)]
  0x00000000667b0000 JavaThread "Timer-6" daemon [_thread_blocked, id=4036, stack(0x0000000069380000,0x0000000069400000)]
  0x00000000667ae800 JavaThread "AddressBar directory emptiness poller" [_thread_blocked, id=6060, stack(0x0000000063380000,0x0000000063400000)]
  0x00000000667ad000 JavaThread "Timer-1" [_thread_blocked, id=3924, stack(0x00000000680a0000,0x0000000068120000)]
  0x000000006650f000 JavaThread "TimerQueue" daemon [_thread_blocked, id=2632, stack(0x000000005a7d0000,0x000000005a850000)]
  0x000000006670e800 JavaThread "AWT-Shutdown" [_thread_blocked, id=2668, stack(0x000000003e940000,0x000000003e9c0000)]
  0x0000000066132000 JavaThread "FelixPackageAdmin" daemon [_thread_blocked, id=4864, stack(0x0000000025850000,0x00000000258d0000)]
  0x0000000066131800 JavaThread "FelixStartLevel" daemon [_thread_blocked, id=4840, stack(0x000000003e7f0000,0x000000003e870000)]
  0x0000000066072800 JavaThread "FelixDispatchQueue" daemon [_thread_blocked, id=2052, stack(0x0000000029900000,0x0000000029980000)]
  0x0000000066439800 JavaThread "com.google.common.base.internal.Finalizer" daemon [_thread_blocked, id=4400, stack(0x0000000021690000,0x0000000021710000)]
  0x00000000663c5000 JavaThread "AWT-Windows" daemon [_thread_in_native, id=936, stack(0x000000002da10000,0x000000002da90000)]
  0x00000000663c6800 JavaThread "Java2D Disposer" daemon [_thread_blocked, id=4444, stack(0x0000000025790000,0x0000000025810000)]
  0x0000000062c3b000 JavaThread "Timer-0" [_thread_blocked, id=6908, stack(0x0000000015090000,0x0000000015110000)]
  0x0000000062a83000 JavaThread "EventMgr Dispatcher" daemon [_thread_in_native, id=6404, stack(0x0000000015120000,0x0000000019120000)]
  0x000000003e396800 JavaThread "Low Memory Detector" daemon [_thread_blocked, id=6644, stack(0x0000000021570000,0x00000000215f0000)]
  0x000000003e391000 JavaThread "CompilerThread1" daemon [_thread_blocked, id=6640, stack(0x000000009c5a0000,0x00000000a05a0000)]
  0x000000003e389800 JavaThread "CompilerThread0" daemon [_thread_blocked, id=6636, stack(0x00000000983b0000,0x000000009c3b0000)]
  0x000000003e389000 JavaThread "Attach Listener" daemon [_thread_blocked, id=6632, stack(0x000000001d3e0000,0x000000001d460000)]
  0x000000003e334000 JavaThread "Finalizer" daemon [_thread_blocked, id=6624, stack(0x0000000019120000,0x00000000191a0000)]
  0x000000003e32a000 JavaThread "Reference Handler" daemon [_thread_blocked, id=6620, stack(0x000000001d290000,0x000000001d310000)]
=>0x0000000005263000 JavaThread "main" [_thread_in_native, id=6188, stack(0x0000000000190000,0x0000000004190000)]

Other Threads:
  0x000000003e325000 VMThread [stack: 0x0000000094390000,0x0000000098390000] [id=6612]
  0x000000003e397000 WatcherThread [stack: 0x00000000a05d0000,0x00000000a45d0000] [id=6648]

VM state:at safepoint (normal execution)

VM Mutex/Monitor currently owned by a thread:  ([mutex/lock_event])
[0x00000000051ed9e0] Threads_lock - owner thread: 0x000000003e325000
[0x00000000051edee0] Heap_lock - owner thread: 0x00000000667af000

Heap
 PSYoungGen      total 43904K, used 37760K [0x00000000535f0000, 0x00000000566e0000, 0x00000000566f0000)
  eden space 37760K, 100% used [0x00000000535f0000,0x0000000055ad0000,0x0000000055ad0000)
  from space 6144K, 0% used [0x0000000055ad0000,0x0000000055ad0000,0x00000000560d0000)
  to   space 6080K, 0% used [0x00000000560f0000,0x00000000560f0000,0x00000000566e0000)
 PSOldGen        total 150528K, used 150527K [0x000000004a2f0000, 0x00000000535f0000, 0x00000000535f0000)
  object space 150528K, 99% used [0x000000004a2f0000,0x00000000535efea8,0x00000000535f0000)
 PSPermGen       total 77696K, used 77407K [0x00000000422f0000, 0x0000000046ed0000, 0x000000004a2f0000)
  object space 77696K, 99% used [0x00000000422f0000,0x0000000046e87e00,0x0000000046ed0000)

Dynamic libraries:
0x000000013f440000 - 0x000000013f472000 	C:\Program Files\MATLAB\R2012a\bin\win64\MATLAB.exe
0x0000000076cc0000 - 0x0000000076e6a000 	C:\Windows\SYSTEM32\ntdll.dll
0x0000000076aa0000 - 0x0000000076bbf000 	C:\Windows\system32\kernel32.dll
0x000007fefcae0000 - 0x000007fefcb4a000 	C:\Windows\system32\KERNELBASE.dll
0x0000000074460000 - 0x0000000074554000 	C:\Program Files\MATLAB\R2012a\bin\win64\libut.dll
0x00000000758a0000 - 0x0000000075952000 	C:\Program Files\MATLAB\R2012a\bin\win64\libmwi18n.dll
0x0000000180000000 - 0x000000018000b000 	C:\Program Files\MATLAB\R2012a\bin\win64\libmwresource_core.dll
0x0000000070f80000 - 0x0000000071053000 	C:\Windows\WinSxS\amd64_microsoft.vc90.crt_1fc8b3b9a1e18e3b_9.0.30729.6161_none_08e61857a83bc251\MSVCP90.dll
0x00000000733f0000 - 0x0000000073493000 	C:\Windows\WinSxS\amd64_microsoft.vc90.crt_1fc8b3b9a1e18e3b_9.0.30729.6161_none_08e61857a83bc251\MSVCR90.dll
0x000000007a170000 - 0x000000007a19c000 	C:\Program Files\MATLAB\R2012a\bin\win64\boost_filesystem-vc90-mt-1_44.dll
0x000000007a560000 - 0x000000007a569000 	C:\Program Files\MATLAB\R2012a\bin\win64\boost_system-vc90-mt-1_44.dll
0x000007fefcdc0000 - 0x000007fefce9b000 	C:\Windows\system32\ADVAPI32.dll
0x000007fefe880000 - 0x000007fefe91f000 	C:\Windows\system32\msvcrt.dll
0x000007fefe860000 - 0x000007fefe87f000 	C:\Windows\SYSTEM32\sechost.dll
0x000007fefe240000 - 0x000007fefe36d000 	C:\Windows\system32\RPCRT4.dll
0x000000007a010000 - 0x000000007a035000 	C:\Program Files\MATLAB\R2012a\bin\win64\LIBEXPAT.dll
0x00000000690a0000 - 0x0000000069291000 	C:\Program Files\MATLAB\R2012a\bin\win64\icuin44.dll
0x0000000068f20000 - 0x0000000069091000 	C:\Program Files\MATLAB\R2012a\bin\win64\icuuc44.dll
0x0000000010000000 - 0x0000000010e41000 	C:\Program Files\MATLAB\R2012a\bin\win64\icudt44.dll
0x0000000073f70000 - 0x00000000740ad000 	C:\Program Files\MATLAB\R2012a\bin\win64\libmwfl.dll
0x0000000004380000 - 0x0000000004676000 	C:\Program Files\MATLAB\R2012a\bin\win64\libmwMATLAB_res.dll
0x000000007a3b0000 - 0x000000007a3c0000 	C:\Program Files\MATLAB\R2012a\bin\win64\boost_date_time-vc90-mt-1_44.dll
0x000000007a250000 - 0x000000007a263000 	C:\Program Files\MATLAB\R2012a\bin\win64\boost_signals-vc90-mt-1_44.dll
0x000000007a2d0000 - 0x000000007a2e2000 	C:\Program Files\MATLAB\R2012a\bin\win64\boost_thread-vc90-mt-1_44.dll
0x0000000004190000 - 0x00000000041d6000 	C:\Program Files\MATLAB\R2012a\bin\win64\tbb.dll
0x000007fefe370000 - 0x000007fefe389000 	C:\Windows\system32\imagehlp.dll
0x0000000076e90000 - 0x0000000076e97000 	C:\Windows\system32\PSAPI.DLL
0x000000006e240000 - 0x000000006e253000 	C:\Program Files\MATLAB\R2012a\bin\win64\icuio44.dll
0x000007fef9120000 - 0x000007fef9245000 	C:\Windows\system32\dbghelp.dll
0x0000000076bc0000 - 0x0000000076cba000 	C:\Windows\system32\USER32.dll
0x000007fefe920000 - 0x000007fefe987000 	C:\Windows\system32\GDI32.dll
0x000007fefe5a0000 - 0x000007fefe5ae000 	C:\Windows\system32\LPK.dll
0x000007fefe790000 - 0x000007fefe85a000 	C:\Windows\system32\USP10.dll
0x000000007bed0000 - 0x000000007c183000 	C:\Program Files\MATLAB\R2012a\bin\win64\libmwservices.dll
0x0000000075a20000 - 0x0000000075ae2000 	C:\Program Files\MATLAB\R2012a\bin\win64\libmx.dll
0x000000007a210000 - 0x000000007a228000 	C:\Program Files\MATLAB\R2012a\bin\win64\zlib1.dll
0x0000000004230000 - 0x0000000004251000 	C:\Program Files\MATLAB\R2012a\bin\win64\libmwmfl_scalar.dll
0x0000000075f10000 - 0x0000000075f5d000 	C:\Program Files\MATLAB\R2012a\bin\win64\mpath.dll
0x000000007b680000 - 0x000000007bbe1000 	C:\Program Files\MATLAB\R2012a\bin\win64\mlutil.dll
0x0000000068ea0000 - 0x0000000068f1f000 	C:\Program Files\MATLAB\R2012a\bin\win64\xmlcore.dll
0x000000007bc30000 - 0x000000007be83000 	C:\Program Files\MATLAB\R2012a\bin\win64\xerces-c_2_7.dll
0x000007fefef80000 - 0x000007fefefcd000 	C:\Windows\system32\WS2_32.dll
0x000007fefd130000 - 0x000007fefd138000 	C:\Windows\system32\NSI.dll
0x00000000046b0000 - 0x00000000046ca000 	C:\Program Files\MATLAB\R2012a\bin\win64\libmwMATLAB_settings_res.dll
0x00000000046e0000 - 0x0000000004727000 	C:\Program Files\MATLAB\R2012a\bin\win64\boost_serialization-vc90-mt-1_44.dll
0x000007fefd4b0000 - 0x000007fefe23c000 	C:\Windows\system32\SHELL32.dll
0x000007fefcea0000 - 0x000007fefcf11000 	C:\Windows\system32\SHLWAPI.dll
0x000007fef4c40000 - 0x000007fef4ce0000 	C:\Windows\WinSxS\amd64_microsoft.windows.common-controls_6595b64144ccf1df_5.82.7601.18837_none_a4d981ff711297b6\COMCTL32.dll
0x000007fefcf20000 - 0x000007fefcfb7000 	C:\Windows\system32\COMDLG32.dll
0x000007fefa630000 - 0x000007fefa646000 	C:\Windows\system32\NETAPI32.dll
0x000007fefa690000 - 0x000007fefa69c000 	C:\Windows\system32\netutils.dll
0x000007fefc4a0000 - 0x000007fefc4c3000 	C:\Windows\system32\srvcli.dll
0x000007fefa580000 - 0x000007fefa595000 	C:\Windows\system32\wkscli.dll
0x000007fefea70000 - 0x000007fefec73000 	C:\Windows\system32\ole32.dll
0x000007fefe990000 - 0x000007fefea68000 	C:\Windows\system32\OLEAUT32.dll
0x0000000074970000 - 0x0000000074b06000 	C:\Program Files\MATLAB\R2012a\bin\win64\mcr.dll
0x0000000075000000 - 0x000000007536b000 	C:\Program Files\MATLAB\R2012a\bin\win64\iqm.dll
0x0000000065760000 - 0x0000000065f81000 	C:\Program Files\MATLAB\R2012a\bin\win64\m_interpreter.dll
0x000000006e0e0000 - 0x000000006e105000 	C:\Program Files\MATLAB\R2012a\bin\win64\libmex.dll
0x0000000068de0000 - 0x0000000068e93000 	C:\Program Files\MATLAB\R2012a\bin\win64\m_dispatcher.dll
0x0000000074880000 - 0x000000007496d000 	C:\Program Files\MATLAB\R2012a\bin\win64\boost_regex-vc90-mt-1_44.dll
0x00000000656d0000 - 0x0000000065754000 	C:\Program Files\MATLAB\R2012a\bin\win64\profiler.dll
0x00000000047b0000 - 0x0000000004a05000 	C:\Program Files\MATLAB\R2012a\bin\win64\libmwmathutil.dll
0x0000000079f40000 - 0x0000000079f6d000 	C:\Program Files\MATLAB\R2012a\bin\win64\libmwmathrng.dll
0x0000000074c10000 - 0x0000000074ced000 	C:\Program Files\MATLAB\R2012a\bin\win64\libmwmathcore.dll
0x0000000076160000 - 0x00000000761cb000 	C:\Program Files\MATLAB\R2012a\bin\win64\libmwspmatrix.dll
0x0000000075ea0000 - 0x0000000075f02000 	C:\Program Files\MATLAB\R2012a\bin\win64\libmwcholmod.dll
0x000000007a460000 - 0x000000007a46d000 	C:\Program Files\MATLAB\R2012a\bin\win64\libmwamd.dll
0x000000007a4b0000 - 0x000000007a4bc000 	C:\Program Files\MATLAB\R2012a\bin\win64\libmwcolamd.dll
0x000000006d3b0000 - 0x000000006d3c9000 	C:\Program Files\MATLAB\R2012a\bin\win64\libmwblas.dll
0x0000000069530000 - 0x0000000069542000 	C:\Program Files\MATLAB\R2012a\bin\win64\libmwbinder.dll
0x0000000071330000 - 0x000000007133b000 	C:\Program Files\MATLAB\R2012a\bin\win64\libmwompwrapper.dll
0x0000000065640000 - 0x00000000656c6000 	C:\Program Files\MATLAB\R2012a\bin\win64\libmwlapack.dll
0x0000000068db0000 - 0x0000000068dd1000 	C:\Program Files\MATLAB\R2012a\bin\win64\m_pcodeio.dll
0x0000000079b10000 - 0x0000000079b77000 	C:\Program Files\MATLAB\R2012a\bin\win64\m_ir.dll
0x0000000064ff0000 - 0x0000000065640000 	C:\Program Files\MATLAB\R2012a\bin\win64\m_parser.dll
0x0000000064fd0000 - 0x0000000064fea000 	C:\Program Files\MATLAB\R2012a\bin\win64\ir_xfmr.dll
0x0000000064d50000 - 0x0000000064fc9000 	C:\Program Files\MATLAB\R2012a\bin\win64\mcos.dll
0x0000000071060000 - 0x000000007106c000 	C:\Program Files\MATLAB\R2012a\bin\win64\mtok.dll
0x0000000064d10000 - 0x0000000064d41000 	C:\Program Files\MATLAB\R2012a\bin\win64\m_pcodegen.dll
0x0000000079fb0000 - 0x0000000079fe7000 	C:\Program Files\MATLAB\R2012a\bin\win64\libmwbridge.dll
0x0000000064c40000 - 0x0000000064d08000 	C:\Program Files\MATLAB\R2012a\bin\win64\udd.dll
0x0000000064ae0000 - 0x0000000064c32000 	C:\Program Files\MATLAB\R2012a\bin\win64\libmwgui.dll
0x0000000064ac0000 - 0x0000000064ad7000 	C:\Program Files\MATLAB\R2012a\bin\win64\graphics_util.dll
0x0000000064110000 - 0x0000000064ab3000 	C:\Program Files\MATLAB\R2012a\bin\win64\hg.dll
0x0000000004b80000 - 0x0000000004be7000 	C:\Program Files\MATLAB\R2012a\bin\win64\libmat.dll
0x0000000072d30000 - 0x0000000072f44000 	C:\Program Files\MATLAB\R2012a\bin\win64\hdf5dll.dll
0x0000000075710000 - 0x00000000757c1000 	C:\Program Files\MATLAB\R2012a\bin\win64\jmi.dll
0x0000000004c20000 - 0x0000000004c2e000 	C:\Program Files\MATLAB\R2012a\bin\win64\nativejava_services.dll
0x00000000640c0000 - 0x0000000064102000 	C:\Program Files\MATLAB\R2012a\bin\win64\libmwhardcopy.dll
0x0000000064060000 - 0x00000000640ba000 	C:\Program Files\MATLAB\R2012a\bin\win64\libuij.dll
0x0000000063e50000 - 0x000000006405c000 	C:\Program Files\MATLAB\R2012a\bin\win64\hgdatatypes.dll
0x0000000063d50000 - 0x0000000063e4d000 	C:\Program Files\MATLAB\R2012a\bin\win64\hgutils.dll
0x0000000063c90000 - 0x0000000063d4d000 	C:\Program Files\MATLAB\R2012a\bin\win64\udd_mi.dll
0x0000000004c90000 - 0x0000000004ccb000 	C:\Program Files\MATLAB\R2012a\bin\win64\libmwgbtutils.dll
0x0000000004ce0000 - 0x0000000004cf9000 	C:\Program Files\MATLAB\R2012a\bin\win64\libmwgbt.dll
0x0000000004d10000 - 0x0000000004fda000 	C:\Program Files\MATLAB\R2012a\bin\win64\uiw.dll
0x0000000070d10000 - 0x0000000070d1f000 	C:\Program Files\MATLAB\R2012a\bin\win64\uinone.dll
0x000007fef8a60000 - 0x000007fef8a78000 	C:\Windows\system32\MPR.dll
0x00000000637a0000 - 0x0000000063c84000 	C:\Windows\WinSxS\amd64_microsoft.vc90.mfc_1fc8b3b9a1e18e3b_9.0.30729.6161_none_044aad0bab1eb146\mfc90.dll
0x000007fef4740000 - 0x000007fef4747000 	C:\Windows\system32\MSIMG32.dll
0x000007fef5f10000 - 0x000007fef5f81000 	C:\Windows\system32\WINSPOOL.DRV
0x0000000063780000 - 0x00000000637a0000 	C:\Program Files\MATLAB\R2012a\bin\win64\mwoles05.DLL
0x0000000063700000 - 0x000000006377c000 	C:\Program Files\MATLAB\R2012a\bin\win64\comcli.dll
0x00000000636d0000 - 0x00000000636ff000 	C:\Windows\WinSxS\amd64_microsoft.vc90.atl_1fc8b3b9a1e18e3b_9.0.30729.6161_none_0a1fd3a3a768b895\ATL90.DLL
0x000000006e230000 - 0x000000006e23c000 	C:\Program Files\MATLAB\R2012a\bin\win64\mlautoregister.dll
0x0000000005030000 - 0x0000000005040000 	C:\Program Files\MATLAB\R2012a\bin\win64\boost_iostreams-vc90-mt-1_44.dll
0x000007fefec80000 - 0x000007fefecae000 	C:\Windows\system32\IMM32.DLL
0x000007fefd020000 - 0x000007fefd129000 	C:\Windows\system32\MSCTF.dll
0x000007fefb130000 - 0x000007fefb186000 	C:\Windows\system32\UxTheme.dll
0x000007fefad00000 - 0x000007fefad18000 	C:\Windows\system32\dwmapi.dll
0x00000000635b0000 - 0x00000000635bd000 	C:\Windows\WinSxS\amd64_microsoft.vc90.mfcloc_1fc8b3b9a1e18e3b_9.0.30729.6161_none_01c9581e60cbee58\MFC90ENU.DLL
0x00000000051a0000 - 0x00000000051c9000 	C:\Program Files\MATLAB\R2012a\bin\win64\tbbmalloc.dll
0x000007fefca10000 - 0x000007fefca1f000 	C:\Windows\system32\profapi.dll
0x000007fef5540000 - 0x000007fef554f000 	C:\Program Files\MATLAB\R2012a\bin\win64\xmlxrcsc.dll
0x000007fefc860000 - 0x000007fefc86f000 	C:\Windows\system32\CRYPTBASE.dll
0x000007fefb310000 - 0x000007fefb504000 	C:\Windows\WinSxS\amd64_microsoft.windows.common-controls_6595b64144ccf1df_6.0.7601.18837_none_fa3b1e3d17594757\comctl32.dll
0x000007fefe5b0000 - 0x000007fefe787000 	C:\Windows\system32\SETUPAPI.dll
0x000007fefca70000 - 0x000007fefcaa6000 	C:\Windows\system32\CFGMGR32.dll
0x000007fefca30000 - 0x000007fefca4a000 	C:\Windows\system32\DEVOBJ.dll
0x000007fefd410000 - 0x000007fefd4a9000 	C:\Windows\system32\CLBCatQ.DLL
0x000007fefb190000 - 0x000007fefb2bc000 	C:\Windows\system32\propsys.dll
0x000007fefbaa0000 - 0x000007fefbacd000 	C:\Windows\system32\ntmarta.dll
0x000007fefcfc0000 - 0x000007fefd012000 	C:\Windows\system32\WLDAP32.dll
0x0000000078870000 - 0x0000000078ecd000 	C:\Program Files\MATLAB\R2012a\sys\java\jre\win64\jre\bin\server\jvm.dll
0x000007fef9310000 - 0x000007fef934b000 	C:\Windows\system32\WINMM.dll
0x00000000731d0000 - 0x00000000731d3000 	C:\Windows\system32\icmp.Dll
0x000007fef8770000 - 0x000007fef8797000 	C:\Windows\system32\iphlpapi.DLL

VM Arguments:
jvm_args: -Xss512k -XX:PermSize=32m -Xms64m -XX:NewRatio=3 -XX:MaxPermSize=128m -Xmx196m -XX:MaxDirectMemorySize=2147400000 -Dsun.java2d.noddraw=true -Dsun.awt.nopixfmt=true -Xshare:off -Xrs -Dsun.awt.disableMixing=true -Djava.library.path=C:\Program Files\MATLAB\R2012a\bin\win64 vfprintf abort 
java_command: <unknown>
Launcher Type: generic

Environment Variables:
PATH=C:\ProgramData\Oracle\Java\javapath;C:\Program Files (x86)\Intel\iCLS Client\;C:\Program Files\Intel\iCLS Client\;C:\Program Files (x86)\NVIDIA Corporation\PhysX\Common;C:\Windows\system32;C:\Windows;C:\Windows\System32\Wbem;C:\Windows\System32\WindowsPowerShell\v1.0\;C:\Program Files (x86)\Common Files\Roxio Shared\DLLShared\;C:\Program Files\MATLAB\R2012a\runtime\win64;C:\Program Files\MATLAB\R2012a\bin;C:\Program Files (x86)\IVI Foundation\IVI\bin;C:\Program Files\IVI Foundation\IVI\bin;C:\Program Files\IVI Foundation\VISA\Win64\Bin\;C:\Program Files (x86)\IVI Foundation\VISA\WinNT\Bin\;C:\Program Files (x86)\IVI Foundation\VISA\WinNT\Bin;C:\Program Files\MiKTeX 2.9\miktex\bin\x64\;C:\Program Files\Intel\Intel(R) Management Engine Components\DAL;C:\Program Files\Intel\Intel(R) Management Engine Components\IPT;C:\Program Files (x86)\Intel\Intel(R) Management Engine Components\DAL;C:\Program Files (x86)\Intel\Intel(R) Management Engine Components\IPT;c:\Program Files (x86)\Microsoft SQL Server\110\Tools\Binn\;c:\Program Files\Microsoft SQL Server\110\Tools\Binn\;c:\Program Files\Microsoft SQL Server\110\DTS\Binn\
USERNAME=owner
OS=Windows_NT
PROCESSOR_IDENTIFIER=Intel64 Family 6 Model 58 Stepping 9, GenuineIntel



---------------  S Y S T E M  ---------------

OS: Windows 7 Build 7601 Service Pack 1

CPU:total 8 (8 cores per cpu, 2 threads per core) family 6 model 58 stepping 9, cmov, cx8, fxsr, mmx, sse, sse2, sse3, ssse3, sse4.1, sse4.2, ht

Memory: 4k page, physical 33513708k(28260456k free), swap 67025556k(61532432k free)

vm_info: Java HotSpot(TM) 64-Bit Server VM (14.3-b01) for windows-amd64 JRE (1.6.0_17-b04), built on Oct 11 2009 00:46:08 by "java_re" with MS VC++ 8.0

time: Sun Aug 21 12:22:53 2016
elapsed time: 11109 seconds

