#
# A fatal error has been detected by the Java Runtime Environment:
#
#  EXCEPTION_ACCESS_VIOLATION (0xc0000005) at pc=0x000000007b8dd1e4, pid=4444, tid=828
#
# JRE version: 6.0_17-b04
# Java VM: Java HotSpot(TM) 64-Bit Server VM (14.3-b01 mixed mode windows-amd64 )
# Problematic frame:
# C  [m_interpreter.dll+0x7d1e4]
#
# If you would like to submit a bug report, please visit:
#   http://java.sun.com/webapps/bugreport/crash.jsp
# The crash happened outside the Java Virtual Machine in native code.
# See problematic frame for where to report the bug.
#

---------------  T H R E A D  ---------------

Current thread (0x0000000001c52000):  JavaThread "main" [_thread_in_native, id=828, stack(0x0000000000030000,0x0000000001430000)]

siginfo: ExceptionCode=0xc0000005, reading address 0x00000000000000d1

Registers:
EAX=0x0000000000000000, EBX=0x000000005e73d6f0, ECX=0x0000000000000000, EDX=0x000000005e73d6f0
ESP=0x00000000014293a0, EBP=0x0000000000000000, ESI=0x00000000000000ad, EDI=0x000000003ed49528
EIP=0x000000007b8dd1e4, EFLAGS=0x0000000000010246

Top of Stack: (sp=0x00000000014293a0)
0x00000000014293a0:   0000000041b254a0 0000000041b254a0
0x00000000014293b0:   0000000055422330 000000007b941fe2
0x00000000014293c0:   fffffffffffffffe 0000000055422330
0x00000000014293d0:   0000000000000000 0000000000000000
0x00000000014293e0:   0000000003b3f030 0000000055422330
0x00000000014293f0:   0000000000000000 0000000000000000
0x0000000001429400:   000000005e73d6f0 000000007b91f899
0x0000000001429410:   0000000055bbe7c0 000000007b939168
0x0000000001429420:   00000000000000ad 0000000000000001
0x0000000001429430:   fffffffffffffffe 0000000041b254a0
0x0000000001429440:   0000000055bbe7c0 000000007af435d6
0x0000000001429450:   000000005e736c10 0000000055bbe7c0
0x0000000001429460:   0000000000000000 000000003ed63670
0x0000000001429470:   0000000055bbe7c0 000000007af5999c
0x0000000001429480:   0000000055bbe7fb 000000003ed63670
0x0000000001429490:   00000000553e631b 0000000001429490 

Instructions: (pc=0x000000007b8dd1e4)
0x000000007b8dd1d4:   48 8b ab 88 00 00 00 48 85 ed 0f 85 a3 77 21 00
0x000000007b8dd1e4:   8b 6e 24 c1 ed 0d 83 e5 03 48 8b ce ff 15 4a f7 


Stack: [0x0000000000030000,0x0000000001430000],  sp=0x00000000014293a0,  free space=20452k
Native frames: (J=compiled Java code, j=interpreted, Vv=VM code, C=native code)
C  [m_interpreter.dll+0x7d1e4]

[error occurred during error reporting (printing native stack), id 0xc0000005]

Java frames: (J=compiled Java code, j=interpreted, Vv=VM code)
j  com.mathworks.jmi.NativeMatlab.SendMatlabMessage(Ljava/lang/Object;)Ljava/lang/Object;+0
j  com.mathworks.jmi.NativeMatlab.sendMatlabMessage(Ljava/lang/Object;)Ljava/lang/Object;+22
j  com.mathworks.jmi.MatlabLooper.sendMatlabMessage(Lcom/mathworks/services/message/MWMessage;)Ljava/lang/Object;+20
j  com.mathworks.jmi.Matlab.mtFevalConsoleOutput(Ljava/lang/String;[Ljava/lang/Object;I)Ljava/lang/Object;+58
j  com.mathworks.mde.desk.MLDesktop$8.run()V+14
J  com.mathworks.jmi.NativeMatlab.dispatchMTRequests(Z)V
v  ~StubRoutines::call_stub

---------------  P R O C E S S  ---------------

Java Threads: ( => current thread )
  0x000000003b290000 JavaThread "Image Fetcher 0" daemon [_thread_blocked, id=3932, stack(0x0000000006310000,0x0000000006390000)]
  0x000000003b284000 JavaThread "Timer queue for AWT thread" daemon [_thread_blocked, id=3268, stack(0x0000000009be0000,0x0000000009c60000)]
  0x000000003b287000 JavaThread "Timer-639" [_thread_blocked, id=5176, stack(0x0000000007770000,0x00000000077f0000)]
  0x000000003b28c000 JavaThread "RequestQueue for GenericFileList" [_thread_blocked, id=3024, stack(0x000000003ea60000,0x000000003eae0000)]
  0x000000003b287800 JavaThread "Active Reference Queue Daemon" daemon [_thread_blocked, id=5692, stack(0x000000003e7e0000,0x000000003e860000)]
  0x000000003b286000 JavaThread "Timer-7" daemon [_thread_blocked, id=5396, stack(0x000000003e760000,0x000000003e7e0000)]
  0x000000003b288000 JavaThread "Timer-6" daemon [_thread_blocked, id=5572, stack(0x000000003e6e0000,0x000000003e760000)]
  0x000000003b284800 JavaThread "Prefs Updater" daemon [_thread_blocked, id=5632, stack(0x000000003e4e0000,0x000000003e560000)]
  0x000000003b283000 JavaThread "Timer-1" [_thread_blocked, id=2472, stack(0x000000003e3e0000,0x000000003e460000)]
  0x000000003a8e7000 JavaThread "TimerQueue" daemon [_thread_blocked, id=4040, stack(0x000000003cb80000,0x000000003cc00000)]
  0x000000003b134800 JavaThread "AWT-EventQueue-0" [_thread_blocked, id=4004, stack(0x000000003caf0000,0x000000003cb70000)]
  0x000000003b0d7000 JavaThread "AWT-Windows" daemon [_thread_in_native, id=772, stack(0x000000003b4c0000,0x000000003b540000)]
  0x000000003b0d6800 JavaThread "AWT-Shutdown" [_thread_blocked, id=2168, stack(0x000000003b440000,0x000000003b4c0000)]
  0x000000003b0d5800 JavaThread "Java2D Disposer" daemon [_thread_blocked, id=696, stack(0x000000003b3c0000,0x000000003b440000)]
  0x000000003a8ac000 JavaThread "Timer-0" [_thread_blocked, id=5708, stack(0x000000003aa80000,0x000000003ab00000)]
  0x000000003a8b7800 JavaThread "JMI Unnamed Thread" [_thread_in_native, id=5228, stack(0x0000000012350000,0x0000000013750000)]
  0x000000003564a800 JavaThread "Low Memory Detector" daemon [_thread_blocked, id=3896, stack(0x000000000ff80000,0x0000000010000000)]
  0x0000000035644000 JavaThread "CompilerThread1" daemon [_thread_blocked, id=1184, stack(0x0000000037e80000,0x0000000039280000)]
  0x000000003563d800 JavaThread "CompilerThread0" daemon [_thread_blocked, id=1112, stack(0x0000000036a80000,0x0000000037e80000)]
  0x000000003563d000 JavaThread "Attach Listener" daemon [_thread_blocked, id=5556, stack(0x000000000ff00000,0x000000000ff80000)]
  0x00000000355e4000 JavaThread "Finalizer" daemon [_thread_blocked, id=216, stack(0x000000000fe80000,0x000000000ff00000)]
  0x00000000355da000 JavaThread "Reference Handler" daemon [_thread_blocked, id=5232, stack(0x000000000fe00000,0x000000000fe80000)]
=>0x0000000001c52000 JavaThread "main" [_thread_in_native, id=828, stack(0x0000000000030000,0x0000000001430000)]

Other Threads:
  0x00000000355d5000 VMThread [stack: 0x0000000035680000,0x0000000036a80000] [id=5348]
  0x0000000035677800 WatcherThread [stack: 0x0000000039280000,0x000000003a680000] [id=5852]

VM state:not at safepoint (normal execution)

VM Mutex/Monitor currently owned by a thread: None

Heap
 PSYoungGen      total 28480K, used 20517K [0x0000000028380000, 0x000000002a7d0000, 0x000000002b480000)
  eden space 21440K, 91% used [0x0000000028380000,0x0000000029695df0,0x0000000029870000)
  from space 7040K, 13% used [0x000000002a0f0000,0x000000002a1e3628,0x000000002a7d0000)
  to   space 7872K, 0% used [0x0000000029870000,0x0000000029870000,0x000000002a020000)
 PSOldGen        total 74816K, used 71603K [0x000000001f080000, 0x0000000023990000, 0x0000000028380000)
  object space 74816K, 95% used [0x000000001f080000,0x000000002366cfb0,0x0000000023990000)
 PSPermGen       total 112128K, used 64605K [0x0000000017080000, 0x000000001de00000, 0x000000001f080000)
  object space 112128K, 57% used [0x0000000017080000,0x000000001af97720,0x000000001de00000)

Dynamic libraries:
0x0000000140000000 - 0x0000000140029000 	C:\Program Files\MATLAB\R2010b\bin\win64\MATLAB.exe
0x00000000771a0000 - 0x000000007734b000 	C:\Windows\SYSTEM32\ntdll.dll
0x0000000077080000 - 0x000000007719f000 	C:\Windows\system32\kernel32.dll
0x000007fefd400000 - 0x000007fefd46b000 	C:\Windows\system32\KERNELBASE.dll
0x000000007d080000 - 0x000000007d18e000 	C:\Program Files\MATLAB\R2010b\bin\win64\libut.dll
0x0000000180000000 - 0x000000018007c000 	C:\Program Files\MATLAB\R2010b\bin\win64\libmwi18n.dll
0x00000000014e0000 - 0x00000000014f0000 	C:\Program Files\MATLAB\R2010b\bin\win64\boost_date_time-vc80-mt-1_40.dll
0x0000000073f40000 - 0x0000000074049000 	C:\Windows\WinSxS\amd64_microsoft.vc80.crt_1fc8b3b9a1e18e3b_8.0.50727.4927_none_88dce9872fb18caf\MSVCP80.dll
0x0000000074050000 - 0x0000000074119000 	C:\Windows\WinSxS\amd64_microsoft.vc80.crt_1fc8b3b9a1e18e3b_8.0.50727.4927_none_88dce9872fb18caf\MSVCR80.dll
0x000007fefde20000 - 0x000007fefdebf000 	C:\Windows\system32\msvcrt.dll
0x0000000001500000 - 0x000000000151b000 	C:\Program Files\MATLAB\R2010b\bin\win64\boost_filesystem-vc80-mt-1_40.dll
0x0000000001530000 - 0x0000000001539000 	C:\Program Files\MATLAB\R2010b\bin\win64\boost_system-vc80-mt-1_40.dll
0x0000000001550000 - 0x0000000001563000 	C:\Program Files\MATLAB\R2010b\bin\win64\boost_thread-vc80-mt-1_40.dll
0x000000007d880000 - 0x000000007d8a8000 	C:\Program Files\MATLAB\R2010b\bin\win64\LIBEXPAT.dll
0x000000007cce0000 - 0x000000007ce59000 	C:\Program Files\MATLAB\R2010b\bin\win64\icuin42.dll
0x000000007d590000 - 0x000000007d6ca000 	C:\Program Files\MATLAB\R2010b\bin\win64\icuuc42.dll
0x000007fefd930000 - 0x000007fefda0b000 	C:\Windows\system32\ADVAPI32.dll
0x000007fefd600000 - 0x000007fefd61f000 	C:\Windows\SYSTEM32\sechost.dll
0x000007feff0b0000 - 0x000007feff1de000 	C:\Windows\system32\RPCRT4.dll
0x0000000010000000 - 0x0000000010f47000 	C:\Program Files\MATLAB\R2010b\bin\win64\icudt42.dll
0x0000000078a10000 - 0x0000000078b49000 	C:\Program Files\MATLAB\R2010b\bin\win64\libmwfl.dll
0x000007fefe0a0000 - 0x000007fefe0b7000 	C:\Windows\system32\imagehlp.dll
0x0000000077370000 - 0x0000000077377000 	C:\Windows\system32\PSAPI.DLL
0x00000000016c0000 - 0x00000000017a6000 	C:\Program Files\MATLAB\R2010b\bin\win64\boost_regex-vc80-mt-1_40.dll
0x0000000076f80000 - 0x000000007707a000 	C:\Windows\system32\USER32.dll
0x000007feff440000 - 0x000007feff4a7000 	C:\Windows\system32\GDI32.dll
0x000007fefd4d0000 - 0x000007fefd4de000 	C:\Windows\system32\LPK.dll
0x000007fefda20000 - 0x000007fefdaea000 	C:\Windows\system32\USP10.dll
0x00000000017c0000 - 0x00000000017d4000 	C:\Program Files\MATLAB\R2010b\bin\win64\boost_signals-vc80-mt-1_40.dll
0x00000000017f0000 - 0x000000000182e000 	C:\Program Files\MATLAB\R2010b\bin\win64\tbb.dll
0x000000007cab0000 - 0x000000007cac0000 	C:\Program Files\MATLAB\R2010b\bin\win64\icuio42.dll
0x000000007d200000 - 0x000000007d460000 	C:\Program Files\MATLAB\R2010b\bin\win64\libmwservices.dll
0x000000007d190000 - 0x000000007d1fd000 	C:\Program Files\MATLAB\R2010b\bin\win64\libmx.dll
0x00000000791e0000 - 0x00000000791f7000 	C:\Program Files\MATLAB\R2010b\bin\win64\zlib1.dll
0x000000007d460000 - 0x000000007d58e000 	C:\Program Files\MATLAB\R2010b\bin\win64\libmwmathutil.dll
0x000000007acf0000 - 0x000000007ad51000 	C:\Program Files\MATLAB\R2010b\bin\win64\mpath.dll
0x000000007d8b0000 - 0x000000007db80000 	C:\Program Files\MATLAB\R2010b\bin\win64\mlutil.dll
0x000000007eb00000 - 0x000000007eb8b000 	C:\Program Files\MATLAB\R2010b\bin\win64\xmlcore.dll
0x000000007a670000 - 0x000000007a905000 	C:\Program Files\MATLAB\R2010b\bin\win64\xerces-c_2_7.dll
0x000007feff1e0000 - 0x000007feff22d000 	C:\Windows\system32\WS2_32.dll
0x000007fefda10000 - 0x000007fefda18000 	C:\Windows\system32\NSI.dll
0x000007fefe320000 - 0x000007feff0a6000 	C:\Windows\system32\SHELL32.dll
0x000007fefd730000 - 0x000007fefd7a1000 	C:\Windows\system32\SHLWAPI.dll
0x000007fef8600000 - 0x000007fef86a0000 	C:\Windows\WinSxS\amd64_microsoft.windows.common-controls_6595b64144ccf1df_5.82.7600.16661_none_a44e1fc257f685f6\COMCTL32.dll
0x000007fefd4e0000 - 0x000007fefd578000 	C:\Windows\system32\comdlg32.dll
0x000007fefb1f0000 - 0x000007fefb206000 	C:\Windows\system32\NETAPI32.dll
0x000007fefb1e0000 - 0x000007fefb1ec000 	C:\Windows\system32\netutils.dll
0x000007fefcc30000 - 0x000007fefcc53000 	C:\Windows\system32\srvcli.dll
0x000007fefb1c0000 - 0x000007fefb1d5000 	C:\Windows\system32\wkscli.dll
0x000000007b0c0000 - 0x000000007b17a000 	C:\Program Files\MATLAB\R2010b\bin\win64\mcr.dll
0x000000007cac0000 - 0x000000007cb74000 	C:\Program Files\MATLAB\R2010b\bin\win64\iqm.dll
0x000000007b860000 - 0x000000007bfdf000 	C:\Program Files\MATLAB\R2010b\bin\win64\m_interpreter.dll
0x000000007cba0000 - 0x000000007cbb0000 	C:\Program Files\MATLAB\R2010b\bin\win64\libmex.dll
0x000000007af40000 - 0x000000007afd6000 	C:\Program Files\MATLAB\R2010b\bin\win64\m_dispatcher.dll
0x000000007ade0000 - 0x000000007ae71000 	C:\Program Files\MATLAB\R2010b\bin\win64\profiler.dll
0x000000007cc20000 - 0x000000007cc51000 	C:\Program Files\MATLAB\R2010b\bin\win64\libmwmathrng.dll
0x0000000079130000 - 0x000000007914a000 	C:\Program Files\MATLAB\R2010b\bin\win64\m_pcodeio.dll
0x000000007aca0000 - 0x000000007aced000 	C:\Program Files\MATLAB\R2010b\bin\win64\m_ir.dll
0x000000007b240000 - 0x000000007b856000 	C:\Program Files\MATLAB\R2010b\bin\win64\m_parser.dll
0x000000007cb80000 - 0x000000007cb93000 	C:\Program Files\MATLAB\R2010b\bin\win64\ir_xfmr.dll
0x0000000078b50000 - 0x0000000078d89000 	C:\Program Files\MATLAB\R2010b\bin\win64\mcos.dll
0x000000007cc70000 - 0x000000007cc7c000 	C:\Program Files\MATLAB\R2010b\bin\win64\mtok.dll
0x0000000079110000 - 0x0000000079130000 	C:\Program Files\MATLAB\R2010b\bin\win64\m_pcodegen.dll
0x0000000078300000 - 0x0000000078356000 	C:\Program Files\MATLAB\R2010b\bin\win64\libmwspmatrix.dll
0x000007fefaa20000 - 0x000007fefab45000 	C:\Windows\system32\dbghelp.dll
0x0000000078360000 - 0x000000007838c000 	C:\Program Files\MATLAB\R2010b\bin\win64\libmwbridge.dll
0x000000007c720000 - 0x000000007c7e0000 	C:\Program Files\MATLAB\R2010b\bin\win64\udd.dll
0x000000007d6d0000 - 0x000000007d82b000 	C:\Program Files\MATLAB\R2010b\bin\win64\libmwgui.dll
0x0000000079250000 - 0x0000000079ad7000 	C:\Program Files\MATLAB\R2010b\bin\win64\hg.dll
0x0000000079030000 - 0x0000000079087000 	C:\Program Files\MATLAB\R2010b\bin\win64\libmat.dll
0x000000007ce60000 - 0x000000007d07b000 	C:\Program Files\MATLAB\R2010b\bin\win64\libhdf5.dll
0x000000007aba0000 - 0x000000007ac24000 	C:\Program Files\MATLAB\R2010b\bin\win64\jmi.dll
0x000000007aae0000 - 0x000000007ab1f000 	C:\Program Files\MATLAB\R2010b\bin\win64\libmwhardcopy.dll
0x000000007ac30000 - 0x000000007ac98000 	C:\Program Files\MATLAB\R2010b\bin\win64\libuij.dll
0x0000000078800000 - 0x00000000789f4000 	C:\Program Files\MATLAB\R2010b\bin\win64\hgdatatypes.dll
0x0000000078740000 - 0x00000000787fa000 	C:\Program Files\MATLAB\R2010b\bin\win64\hgutils.dll
0x0000000079090000 - 0x000000007910c000 	C:\Program Files\MATLAB\R2010b\bin\win64\libmwlapack.dll
0x000000007cbc0000 - 0x000000007cbd3000 	C:\Program Files\MATLAB\R2010b\bin\win64\libmwbinder.dll
0x000000007c7e0000 - 0x000000007caa9000 	C:\Program Files\MATLAB\R2010b\bin\win64\uiw.dll
0x000000007ccd0000 - 0x000000007ccda000 	C:\Program Files\MATLAB\R2010b\bin\win64\uinone.dll
0x00000000707e0000 - 0x000000007097c000 	C:\Windows\WinSxS\amd64_microsoft.vc80.mfc_1fc8b3b9a1e18e3b_8.0.50727.4053_none_8444db7d32915e4c\MFC80.DLL
0x000007fef7750000 - 0x000007fef77c0000 	C:\Windows\system32\WINSPOOL.DRV
0x000007fefdb70000 - 0x000007fefdd72000 	C:\Windows\system32\ole32.dll
0x000007feff230000 - 0x000007feff307000 	C:\Windows\system32\OLEAUT32.dll
0x000000007b180000 - 0x000000007b231000 	C:\Program Files\MATLAB\R2010b\bin\win64\udd_mi.dll
0x0000000079150000 - 0x0000000079168000 	C:\Program Files\MATLAB\R2010b\bin\win64\mwoles05.DLL
0x000000007ad60000 - 0x000000007add3000 	C:\Program Files\MATLAB\R2010b\bin\win64\comcli.dll
0x0000000073310000 - 0x0000000073330000 	C:\Windows\WinSxS\amd64_microsoft.vc80.atl_1fc8b3b9a1e18e3b_8.0.50727.4053_none_8a1a02152edb659b\ATL80.DLL
0x000000007cc60000 - 0x000000007cc6e000 	C:\Program Files\MATLAB\R2010b\bin\win64\mlautoregister.dll
0x000007fefd5d0000 - 0x000007fefd5fe000 	C:\Windows\system32\IMM32.DLL
0x000007fefd620000 - 0x000007fefd729000 	C:\Windows\system32\MSCTF.dll
0x0000000073300000 - 0x000000007330d000 	C:\Windows\WinSxS\amd64_microsoft.vc80.mfcloc_1fc8b3b9a1e18e3b_8.0.50727.4053_none_bc1d1e5b0be08790\MFC80ENU.DLL
0x000007fefd100000 - 0x000007fefd10f000 	C:\Windows\system32\profapi.dll
0x000007fefcff0000 - 0x000007fefcfff000 	C:\Windows\system32\CRYPTBASE.dll
0x000007fefbb80000 - 0x000007fefbbd6000 	C:\Windows\system32\uxtheme.dll
0x000007fefbd60000 - 0x000007fefbf54000 	C:\Windows\WinSxS\amd64_microsoft.windows.common-controls_6595b64144ccf1df_6.0.7600.16661_none_fa62ad231704eab7\comctl32.dll
0x000007fefdec0000 - 0x000007fefe097000 	C:\Windows\system32\SETUPAPI.dll
0x000007fefd250000 - 0x000007fefd286000 	C:\Windows\system32\CFGMGR32.dll
0x000007fefd470000 - 0x000007fefd48a000 	C:\Windows\system32\DEVOBJ.dll
0x000007fefdd80000 - 0x000007fefde19000 	C:\Windows\system32\CLBCatQ.DLL
0x000007fefbbe0000 - 0x000007fefbd0c000 	C:\Windows\system32\propsys.dll
0x000007fefaff0000 - 0x000007fefb01d000 	C:\Windows\system32\ntmarta.dll
0x000007fefd580000 - 0x000007fefd5d0000 	C:\Windows\system32\WLDAP32.dll
0x00000000732f0000 - 0x00000000732f3000 	C:\Windows\system32\icmp.Dll
0x000007fefa2c0000 - 0x000007fefa2e7000 	C:\Windows\system32\iphlpapi.DLL
0x000007fefa280000 - 0x000007fefa28b000 	C:\Windows\system32\WINNSI.DLL
0x000007fefcf60000 - 0x000007fefcf85000 	C:\Windows\system32\SspiCli.dll
0x000007fefb030000 - 0x000007fefb045000 	C:\Windows\system32\NLAapi.dll
0x000007fefc910000 - 0x000007fefc964000 	C:\Windows\System32\mswsock.dll
0x000007fefc790000 - 0x000007fefc7eb000 	C:\Windows\system32\DNSAPI.dll
0x000007fef7db0000 - 0x000007fef7dbb000 	C:\Windows\System32\winrnr.dll
0x000007fef7d90000 - 0x000007fef7da5000 	C:\Windows\system32\napinsp.dll
0x000007fef7d70000 - 0x000007fef7d89000 	C:\Windows\system32\pnrpnsp.dll
0x0000000063560000 - 0x0000000063569000 	C:\Program Files\National Instruments\Shared\mDNS Responder\nimdnsNSP.dll
0x0000000063550000 - 0x000000006355c000 	C:\Windows\system32\nimdnsResponder.dll
0x0000000073710000 - 0x00000000737ad000 	C:\Windows\WinSxS\amd64_microsoft.vc90.crt_1fc8b3b9a1e18e3b_9.0.30729.4926_none_08e1a05ba83fe554\MSVCR90.dll
0x000007fefa130000 - 0x000007fefa183000 	C:\Windows\System32\fwpuclnt.dll
0x000007fef8590000 - 0x000007fef8598000 	C:\Windows\system32\rasadhlp.dll
0x000007fefc320000 - 0x000007fefc327000 	C:\Windows\System32\wshtcpip.dll
0x000007fefa100000 - 0x000007fefa111000 	C:\Windows\system32\dhcpcsvc6.DLL
0x000007fefa080000 - 0x000007fefa098000 	C:\Windows\system32\dhcpcsvc.DLL
0x000000006d7f0000 - 0x000000006de4d000 	C:\Program Files\MATLAB\R2010b\sys\java\jre\win64\jre\bin\server\jvm.dll
0x000007fef9a30000 - 0x000007fef9a6b000 	C:\Windows\system32\WINMM.dll
0x000007fefb690000 - 0x000007fefb6a8000 	C:\Windows\system32\dwmapi.dll
0x000000007af10000 - 0x000000007af1e000 	C:\Program Files\MATLAB\R2010b\sys\java\jre\win64\jre\bin\verify.dll
0x0000000079200000 - 0x0000000079227000 	C:\Program Files\MATLAB\R2010b\sys\java\jre\win64\jre\bin\java.dll
0x000000007aef0000 - 0x000000007aefa000 	C:\Program Files\MATLAB\R2010b\sys\java\jre\win64\jre\bin\hpi.dll
0x000000007af20000 - 0x000000007af32000 	C:\Program Files\MATLAB\R2010b\sys\java\jre\win64\jre\bin\zip.dll

VM Arguments:
jvm_args: -Xss512k -XX:PermSize=32m -Xms64m -XX:NewRatio=3 -XX:MaxPermSize=128m -Xmx196m -XX:MaxDirectMemorySize=2147400000 -Dsun.java2d.noddraw=true -Dsun.awt.nopixfmt=true -Xshare:off -Xrs -Dsun.awt.disableMixing=true -Djava.library.path=C:\Program Files\MATLAB\R2010b\bin\win64 vfprintf abort 
java_command: <unknown>
Launcher Type: generic

Environment Variables:
PATH=C:\Program Files\MATLAB\R2010b\bin\win64;C:\Program Files (x86)\Measurement Computing\DAQ\;C:\Program Files (x86)\NVIDIA Corporation\PhysX\Common;C:\Windows\system32;C:\Windows;C:\Windows\System32\Wbem;C:\Windows\System32\WindowsPowerShell\v1.0\;C:\Program Files (x86)\Common Files\Roxio Shared\DLLShared\;C:\Program Files (x86)\Common Files\Roxio Shared\10.0\DLLShared\;c:\Program Files (x86)\Microsoft SQL Server\100\Tools\Binn\;c:\Program Files\Microsoft SQL Server\100\Tools\Binn\;c:\Program Files\Microsoft SQL Server\100\DTS\Binn\;C:\Program Files\IVI Foundation\VISA\Win64\Bin\;C:\Program Files (x86)\IVI Foundation\VISA\WinNT\Bin\;C:\Program Files (x86)\IVI Foundation\VISA\WinNT\Bin;C:\Program Files\MATLAB\R2010b\runtime\win64;C:\Program Files\MATLAB\R2010b\bin;C:\Program Files\jEdit
USERNAME=owner
OS=Windows_NT
PROCESSOR_IDENTIFIER=Intel64 Family 6 Model 26 Stepping 5, GenuineIntel



---------------  S Y S T E M  ---------------

OS: Windows 7 Build 7600 

CPU:total 8 (8 cores per cpu, 2 threads per core) family 6 model 26 stepping 5, cmov, cx8, fxsr, mmx, sse, sse2, sse3, ssse3, sse4.1, sse4.2, ht

Memory: 4k page, physical 6289912k(4837552k free), swap 12577924k(9860936k free)

vm_info: Java HotSpot(TM) 64-Bit Server VM (14.3-b01) for windows-amd64 JRE (1.6.0_17-b04), built on Oct 11 2009 00:46:08 by "java_re" with MS VC++ 8.0

time: Sun Jan 16 15:33:25 2011
elapsed time: 9513 seconds

